Determining if the pthread_create exist failed with the following output:
Change Dir: /home/hbx/git/ekf_slam/build/CMakeFiles/CMakeTmp

Run Build Command:"/usr/bin/make" "cmTC_cdc93/fast"
/usr/bin/make -f CMakeFiles/cmTC_cdc93.dir/build.make CMakeFiles/cmTC_cdc93.dir/build
make[1]: Entering directory '/home/hbx/git/ekf_slam/build/CMakeFiles/CMakeTmp'
Building C object CMakeFiles/cmTC_cdc93.dir/CheckSymbolExists.c.o
/usr/bin/cc    -fPIC    -o CMakeFiles/cmTC_cdc93.dir/CheckSymbolExists.c.o   -c /home/hbx/git/ekf_slam/build/CMakeFiles/CMakeTmp/CheckSymbolExists.c
Linking C executable cmTC_cdc93
/usr/bin/cmake -E cmake_link_script CMakeFiles/cmTC_cdc93.dir/link.txt --verbose=1
/usr/bin/cc  -fPIC     CMakeFiles/cmTC_cdc93.dir/CheckSymbolExists.c.o  -o cmTC_cdc93 -rdynamic 
CMakeFiles/cmTC_cdc93.dir/CheckSymbolExists.c.o: In function `main':
CheckSymbolExists.c:(.text+0x1b): undefined reference to `pthread_create'
collect2: error: ld returned 1 exit status
CMakeFiles/cmTC_cdc93.dir/build.make:97: recipe for target 'cmTC_cdc93' failed
make[1]: *** [cmTC_cdc93] Error 1
make[1]: Leaving directory '/home/hbx/git/ekf_slam/build/CMakeFiles/CMakeTmp'
Makefile:126: recipe for target 'cmTC_cdc93/fast' failed
make: *** [cmTC_cdc93/fast] Error 2

File /home/hbx/git/ekf_slam/build/CMakeFiles/CMakeTmp/CheckSymbolExists.c:
/* */
#include <pthread.h>

int main(int argc, char** argv)
{
  (void)argv;
#ifndef pthread_create
  return ((int*)(&pthread_create))[argc];
#else
  (void)argc;
  return 0;
#endif
}

Determining if the function pthread_create exists in the pthreads failed with the following output:
Change Dir: /home/hbx/git/ekf_slam/build/CMakeFiles/CMakeTmp

Run Build Command:"/usr/bin/make" "cmTC_60f46/fast"
/usr/bin/make -f CMakeFiles/cmTC_60f46.dir/build.make CMakeFiles/cmTC_60f46.dir/build
make[1]: Entering directory '/home/hbx/git/ekf_slam/build/CMakeFiles/CMakeTmp'
Building C object CMakeFiles/cmTC_60f46.dir/CheckFunctionExists.c.o
/usr/bin/cc    -fPIC -DCHECK_FUNCTION_EXISTS=pthread_create   -o CMakeFiles/cmTC_60f46.dir/CheckFunctionExists.c.o   -c /usr/share/cmake-3.5/Modules/CheckFunctionExists.c
Linking C executable cmTC_60f46
/usr/bin/cmake -E cmake_link_script CMakeFiles/cmTC_60f46.dir/link.txt --verbose=1
/usr/bin/cc  -fPIC -DCHECK_FUNCTION_EXISTS=pthread_create    CMakeFiles/cmTC_60f46.dir/CheckFunctionExists.c.o  -o cmTC_60f46 -rdynamic -lpthreads 
/usr/bin/ld: cannot find -lpthreads
collect2: error: ld returned 1 exit status
CMakeFiles/cmTC_60f46.dir/build.make:97: recipe for target 'cmTC_60f46' failed
make[1]: *** [cmTC_60f46] Error 1
make[1]: Leaving directory '/home/hbx/git/ekf_slam/build/CMakeFiles/CMakeTmp'
Makefile:126: recipe for target 'cmTC_60f46/fast' failed
make: *** [cmTC_60f46/fast] Error 2


